<?xml version="1.0" encoding="UTF-8"?>
<robot generator="Robot 7.2.2 (Python 3.13.3 on win32)" generated="2025-05-15T17:01:50.515214" rpa="false" schemaversion="5">
<suite id="s1" name="Test checkbox" source="D:\Robot-Framework\Tests\Test_checkbox.robot">
<test id="s1-t1" name="select an option of ChcekBox" line="5">
<kw name="open the browser">
<kw name="Open Browser" owner="SeleniumLibrary">
<msg time="2025-05-15T17:01:51.532408" level="INFO">Opening browser 'chrome' to base url 'https://demo.automationtesting.in/Register.html'.</msg>
<arg>url=https://demo.automationtesting.in/Register.html</arg>
<arg>browser=chrome</arg>
<doc>Opens a new browser instance to the optional ``url``.</doc>
<status status="PASS" start="2025-05-15T17:01:51.531758" elapsed="18.413940"/>
</kw>
<kw name="Maximize Browser Window" owner="SeleniumLibrary">
<doc>Maximizes current browser window.</doc>
<status status="PASS" start="2025-05-15T17:02:09.946399" elapsed="1.131620"/>
</kw>
<kw name="Set Selenium Implicit Wait" owner="SeleniumLibrary">
<arg>5</arg>
<doc>Sets the implicit wait value used by Selenium.</doc>
<status status="PASS" start="2025-05-15T17:02:11.078509" elapsed="0.004619"/>
</kw>
<status status="PASS" start="2025-05-15T17:01:51.529767" elapsed="19.553801"/>
</kw>
<kw name="Verify the page contains a Chcekbox">
<kw name="Page Should Contain Checkbox" owner="SeleniumLibrary">
<msg time="2025-05-15T17:02:11.268304" level="INFO">Current page contains checkbox 'id:checkbox1'.</msg>
<arg>id:checkbox1</arg>
<doc>Verifies checkbox ``locator`` is found from the current page.</doc>
<status status="PASS" start="2025-05-15T17:02:11.086536" elapsed="0.182047"/>
</kw>
<kw name="Page Should Not Contain Checkbox" owner="SeleniumLibrary">
<msg time="2025-05-15T17:02:11.355288" level="INFO">Current page does not contain checkbox 'name:radiooptions'.</msg>
<arg>name:radiooptions</arg>
<doc>Verifies checkbox ``locator`` is not found from the current page.</doc>
<status status="PASS" start="2025-05-15T17:02:11.269039" elapsed="0.086461"/>
</kw>
<status status="PASS" start="2025-05-15T17:02:11.085663" elapsed="0.270076"/>
</kw>
<kw name="Select the checkbox options cricket and Hockey">
<kw name="Select Checkbox" owner="SeleniumLibrary">
<msg time="2025-05-15T17:02:11.357703" level="INFO">Selecting checkbox 'id:checkbox1'.</msg>
<arg>id:checkbox1</arg>
<doc>Selects the checkbox identified by ``locator``.</doc>
<status status="PASS" start="2025-05-15T17:02:11.357296" elapsed="0.296928"/>
</kw>
<kw name="Select Checkbox" owner="SeleniumLibrary">
<msg time="2025-05-15T17:02:11.655750" level="INFO">Selecting checkbox 'id:checkbox3'.</msg>
<arg>id:checkbox3</arg>
<doc>Selects the checkbox identified by ``locator``.</doc>
<status status="PASS" start="2025-05-15T17:02:11.654732" elapsed="0.295534"/>
</kw>
<status status="PASS" start="2025-05-15T17:02:11.356498" elapsed="0.594123"/>
</kw>
<kw name="Unselect the checkbox option Hockey">
<kw name="Unselect Checkbox" owner="SeleniumLibrary">
<msg time="2025-05-15T17:02:11.954422" level="INFO">Unselecting checkbox 'id:checkbox3'.</msg>
<arg>id:checkbox3</arg>
<doc>Removes the selection of checkbox identified by ``locator``.</doc>
<status status="PASS" start="2025-05-15T17:02:11.954066" elapsed="0.336541"/>
</kw>
<status status="PASS" start="2025-05-15T17:02:11.953268" elapsed="0.337744"/>
</kw>
<kw name="verify the chcekbox Cricket is selected">
<kw name="Checkbox Should Be Selected" owner="SeleniumLibrary">
<msg time="2025-05-15T17:02:12.297327" level="INFO">Verifying checkbox 'id:checkbox1' is selected.</msg>
<arg>id:checkbox1</arg>
<doc>Verifies checkbox ``locator`` is selected/checked.</doc>
<status status="PASS" start="2025-05-15T17:02:12.296744" elapsed="0.189990"/>
</kw>
<status status="PASS" start="2025-05-15T17:02:12.295807" elapsed="0.191259"/>
</kw>
<kw name="verify the chcekbox Hokey is not selected">
<kw name="Checkbox Should Not Be Selected" owner="SeleniumLibrary">
<msg time="2025-05-15T17:02:12.490364" level="INFO">Verifying checkbox 'id:checkbox3' is not selected.</msg>
<arg>id:checkbox3</arg>
<doc>Verifies checkbox ``locator`` is not selected/checked.</doc>
<status status="PASS" start="2025-05-15T17:02:12.489804" elapsed="0.137399"/>
</kw>
<status status="PASS" start="2025-05-15T17:02:12.488968" elapsed="0.138530"/>
</kw>
<status status="PASS" start="2025-05-15T17:01:51.527952" elapsed="21.100417"/>
</test>
<status status="PASS" start="2025-05-15T17:01:50.530241" elapsed="22.103780"/>
</suite>
<statistics>
<total>
<stat pass="1" fail="0" skip="0">All Tests</stat>
</total>
<tag>
</tag>
<suite>
<stat name="Test checkbox" id="s1" pass="1" fail="0" skip="0">Test checkbox</stat>
</suite>
</statistics>
<errors>
</errors>
</robot>
